<?xml version="1.0" encoding="UTF-8"?>
<testsuite name="moodanalyzer.MoodAnalyserTest" tests="1" skipped="0" failures="0" errors="0" timestamp="2021-10-23T12:31:46" hostname="DEEPAK000" time="0.265">
  <properties/>
  <testcase name="givenMessage_whenSad_ShouldReturnSad()" classname="moodanalyzer.MoodAnalyserTest" time="0.265"/>
  <system-out><![CDATA[]]></system-out>
  <system-err><![CDATA[]]></system-err>
</testsuite>
